C51 COMPILER V9.60.0.0   MAIN                                                              08/01/2022 17:02:21 PAGE 1   


C51 COMPILER V9.60.0.0, COMPILATION OF MODULE MAIN
OBJECT MODULE PLACED IN .\Objects\main.obj
COMPILER INVOKED BY: D:\keil_5\C51\BIN\C51.EXE main.c OPTIMIZE(8,SPEED) BROWSE DEBUG OBJECTEXTEND PRINT(.\Listings\main.
                    -lst) TABS(2) OBJECT(.\Objects\main.obj)

line level    source

   1          #include <REGX52.H>
   2          #include "LCD1602.h" //包含LCD1602头文件
   3          #include "Delay.h"
   4          #include "MatrixKey.h"
   5          #include "UART.h"
   6          void UartInit(void) // 4800bps@11.0592MHz
   7          {
   8   1          PCON &= 0x7F; //波特率不倍速
   9   1          SCON = 0x50;  // 8位数据,可变波特率
  10   1          TMOD &= 0x0F; //清除定时器1模式位
  11   1          TMOD |= 0x20; //设定定时器1为8位自动重装方式
  12   1          TL1 = 0xFA;   //设定定时初值
  13   1          TH1 = 0xFA;   //设定定时器重装值
  14   1          ET1 = 0;      //禁止定时器1中断
  15   1          TR1 = 1;      //启动定时器1
  16   1          EA = 1;
  17   1          ES = 1;
  18   1      }
  19          void UART_SendByte(unsigned char Byte)
  20          {
  21   1          SBUF = Byte;
  22   1          while (TI == 0)
  23   1              ;
  24   1          TI = 0;
  25   1      }
  26          void main()
  27          {
  28   1          Uart_Init();
*** WARNING C206 IN LINE 28 OF main.c: 'Uart_Init': missing function-prototype
  29   1          UART_SendByte(0x66);
  30   1          while (1)
  31   1          {
  32   2          }
  33   1      }


MODULE INFORMATION:   STATIC OVERLAYABLE
   CODE SIZE        =     45    ----
   CONSTANT SIZE    =   ----    ----
   XDATA SIZE       =   ----    ----
   PDATA SIZE       =   ----    ----
   DATA SIZE        =   ----    ----
   IDATA SIZE       =   ----    ----
   BIT SIZE         =   ----    ----
END OF MODULE INFORMATION.


C51 COMPILATION COMPLETE.  1 WARNING(S),  0 ERROR(S)
