C51 COMPILER V9.60.0.0   MAIN                                                              05/31/2022 10:59:48 PAGE 1   


C51 COMPILER V9.60.0.0, COMPILATION OF MODULE MAIN
OBJECT MODULE PLACED IN .\Objects\main.obj
COMPILER INVOKED BY: D:\keil_5\C51\BIN\C51.EXE main.c OPTIMIZE(8,SPEED) BROWSE DEBUG OBJECTEXTEND PRINT(.\Listings\main.
                    -lst) TABS(2) OBJECT(.\Objects\main.obj)

line level    source

   1          #include <REGX52.h>
   2          #include <intrins.h>
   3          
   4          void Delay(unsigned int xms);
   5          //void main()//独立案件控制led2进制
   6          //{
   7          //    unsigned char LedNum=0;
   8          //    while(1)
   9          //    {
  10          //      if(P3_1==0){  //P3为独立按键口,1023
  11          //        Delay(20);
  12          //        while(P3_1==0);
  13          //        Delay(20);
  14          //        
  15          //        LedNum++;
  16          //        P2=~LedNum++;
  17          //        
  18          //        }
  19          //      }
  20          //      
  21          //    }
  22          unsigned char LedNum;
  23          void main()
  24          {
  25   1        P2=0x01;
  26   1        P2=~P2;
  27   1        while(1)
  28   1        {
  29   2          if(P3_1==0){
  30   3            Delay(20);
  31   3            while(P3_1==0);
  32   3            Delay(20);
  33   3            
  34   3            LedNum++;
  35   3            if(LedNum>=8)
  36   3                LedNum=0;
  37   3            P2=~(0x01<<LedNum);
  38   3            
  39   3              
  40   3            
  41   3          }
  42   2        }
  43   1      
  44   1      }
  45              
  46          void Delay(unsigned int xms)    //@11.0592MHz
  47          {
  48   1        unsigned char i, j;
  49   1      
  50   1        while(xms){
  51   2        _nop_();
  52   2        i = 2;
  53   2        j = 199;
  54   2        do
C51 COMPILER V9.60.0.0   MAIN                                                              05/31/2022 10:59:48 PAGE 2   

  55   2        {
  56   3          while (--j);
  57   3        } while (--i);
  58   2        xms--;
  59   2        }
  60   1      }


MODULE INFORMATION:   STATIC OVERLAYABLE
   CODE SIZE        =     81    ----
   CONSTANT SIZE    =   ----    ----
   XDATA SIZE       =   ----    ----
   PDATA SIZE       =   ----    ----
   DATA SIZE        =      1    ----
   IDATA SIZE       =   ----    ----
   BIT SIZE         =   ----    ----
END OF MODULE INFORMATION.


C51 COMPILATION COMPLETE.  0 WARNING(S),  0 ERROR(S)
