C51 COMPILER V9.60.0.0   MAIN                                                              07/26/2022 17:57:11 PAGE 1   


C51 COMPILER V9.60.0.0, COMPILATION OF MODULE MAIN
OBJECT MODULE PLACED IN .\Objects\main.obj
COMPILER INVOKED BY: D:\keil_5\C51\BIN\C51.EXE main.c OPTIMIZE(8,SPEED) BROWSE DEBUG OBJECTEXTEND PRINT(.\Listings\main.
                    -lst) TABS(2) OBJECT(.\Objects\main.obj)

line level    source

   1          #include <REGX52.H>
   2          #include "LCD1602.h" //包含LCD1602头文件
   3          #include "Delay.h"
   4          #include "MatrixKey.h"
   5          
   6          unsigned char Keynum;
   7          void main()
   8          {
   9   1        LCD_Init();
  10   1        while (1)
  11   1        {
  12   2          Keynum=MatrixKey();
  13   2          if (Keynum)
  14   2          {
  15   3            LCD_ShowNum(2,1,Keynum,2);
  16   3          }
  17   2          
  18   2        }
  19   1      }


MODULE INFORMATION:   STATIC OVERLAYABLE
   CODE SIZE        =     27    ----
   CONSTANT SIZE    =   ----    ----
   XDATA SIZE       =   ----    ----
   PDATA SIZE       =   ----    ----
   DATA SIZE        =      1    ----
   IDATA SIZE       =   ----    ----
   BIT SIZE         =   ----    ----
END OF MODULE INFORMATION.


C51 COMPILATION COMPLETE.  0 WARNING(S),  0 ERROR(S)
